

*******************************************************************************
Fri Dec  7 19:48:11 2012


FIT:    data read from 'data2/par_1_cit_time.dat'
        format = z
        #datapoints = 102
        residuals are weighted equally (unit weight)

function used for fitting: f(x)
fitted parameters initialized with current variable values



 Iteration 0
 WSSR        : 2.03626e+17       delta(WSSR)/WSSR   : 0
 delta(WSSR) : 0                 limit for stopping : 1e-05
 lambda	  : 2.58852e+07

initial set of free parameter values

a               = 1
b               = 1
c               = 1

After 3 iterations the fit converged.
final sum of squares of residuals : 1.94516e+10
rel. change during last iteration : -1.18925e-07

degrees of freedom    (FIT_NDF)                        : 99
rms of residuals      (FIT_STDFIT) = sqrt(WSSR/ndf)    : 14017.2
variance of residuals (reduced chisquare) = WSSR/ndf   : 1.96481e+08

Final set of parameters            Asymptotic Standard Error
=======================            ==========================

a               = 0.00343695       +/- 6.026e-05    (1.753%)
b               = 1                +/- 6.971e+10    (6.971e+12%)
c               = 1.00001          +/- 2.396e+08    (2.396e+10%)


correlation matrix of the fit parameters:

               a      b      c      
a               1.000 
b               0.646  1.000 
c              -0.646 -1.000  1.000 


*******************************************************************************
Fri Dec  7 19:51:11 2012


FIT:    data read from 'data2/par_1_itr_time.dat'
        format = z
        #datapoints = 102
        residuals are weighted equally (unit weight)

function used for fitting: f(x)
fitted parameters initialized with current variable values



 Iteration 0
 WSSR        : 1.60444e+12       delta(WSSR)/WSSR   : 0
 delta(WSSR) : 0                 limit for stopping : 1e-05
 lambda	  : 2.58852e+07

initial set of free parameter values

a               = 0.00343695
b               = 1
c               = 1.00001

After 3 iterations the fit converged.
final sum of squares of residuals : 6.59131e+09
rel. change during last iteration : -9.55613e-10

degrees of freedom    (FIT_NDF)                        : 99
rms of residuals      (FIT_STDFIT) = sqrt(WSSR/ndf)    : 8159.59
variance of residuals (reduced chisquare) = WSSR/ndf   : 6.65789e+07

Final set of parameters            Asymptotic Standard Error
=======================            ==========================

a               = 0.000645341      +/- 2.702e-05    (4.187%)
b               = 1                +/- 3.65e+11     (3.65e+13%)
c               = 1.00001          +/- 2.355e+08    (2.355e+10%)


correlation matrix of the fit parameters:

               a      b      c      
a               1.000 
b               0.131  1.000 
c              -0.131 -1.000  1.000 


*******************************************************************************
Fri Dec  7 19:51:25 2012


FIT:    data read from 'data2/par_1_cit_time.dat'
        format = z
        #datapoints = 102
        residuals are weighted equally (unit weight)

function used for fitting: f(x)
fitted parameters initialized with current variable values



 Iteration 0
 WSSR        : 1.6173e+12        delta(WSSR)/WSSR   : 0
 delta(WSSR) : 0                 limit for stopping : 1e-05
 lambda	  : 2.58852e+07

initial set of free parameter values

a               = 0.000645341
b               = 1
c               = 1.00001

After 3 iterations the fit converged.
final sum of squares of residuals : 1.94516e+10
rel. change during last iteration : -3.13453e-10

degrees of freedom    (FIT_NDF)                        : 99
rms of residuals      (FIT_STDFIT) = sqrt(WSSR/ndf)    : 14017.2
variance of residuals (reduced chisquare) = WSSR/ndf   : 1.96481e+08

Final set of parameters            Asymptotic Standard Error
=======================            ==========================

a               = 0.00343695       +/- 4.9e-05      (1.426%)
b               = 1                +/- 1.236e+11    (1.236e+13%)
c               = 1.00002          +/- 4.246e+08    (4.246e+10%)


correlation matrix of the fit parameters:

               a      b      c      
a               1.000 
b              -0.344  1.000 
c               0.344 -1.000  1.000 


*******************************************************************************
Fri Dec  7 19:51:45 2012


FIT:    data read from 'data2/par_12_cit_time.dat'
        format = z
        #datapoints = 102
        residuals are weighted equally (unit weight)

function used for fitting: f(x)
fitted parameters initialized with current variable values



 Iteration 0
 WSSR        : 1.76043e+12       delta(WSSR)/WSSR   : 0
 delta(WSSR) : 0                 limit for stopping : 1e-05
 lambda	  : 2.58852e+07

initial set of free parameter values

a               = 0.00343695
b               = 1
c               = 1.00002

After 3 iterations the fit converged.
final sum of squares of residuals : 6.90683e+08
rel. change during last iteration : -6.20638e-10

degrees of freedom    (FIT_NDF)                        : 99
rms of residuals      (FIT_STDFIT) = sqrt(WSSR/ndf)    : 2641.33
variance of residuals (reduced chisquare) = WSSR/ndf   : 6.9766e+06

Final set of parameters            Asymptotic Standard Error
=======================            ==========================

a               = 0.000507326      +/- 9.193e-06    (1.812%)
b               = 1                +/- 1.528e+11    (1.528e+13%)
c               = 1.00002          +/- 7.751e+07    (7.751e+09%)


correlation matrix of the fit parameters:

               a      b      c      
a               1.000 
b              -0.332  1.000 
c               0.332 -1.000  1.000 
